2020-05-15 22:07:09,897 Level 3 spell used.
2020-05-15 22:07:10,937 Level 2 spell used.
2020-05-15 22:07:18,336 Level 3 spell used.
2020-05-15 22:07:19,696 Level 2 spell used.
2020-05-15 22:07:20,777 Spell slots reset for Sargeth.ini.
2020-05-15 22:07:20,777 Previous Spells for Level 1 - 7.
2020-05-15 22:07:20,778 Previous Spells for Level 2 - 5.
2020-05-15 22:07:20,780 Previous Spells for Level 3 - 3.
07/11/2020 11:52:56 AM Level 3 spell used.
07/11/2020 11:52:56 AM Level 3 spell used.
07/11/2020 11:52:56 AM Level 2 spell used.
07/11/2020 11:52:57 AM Level 2 spell used.
07/11/2020 11:52:57 AM Level 2 spell used.
07/11/2020 11:52:57 AM Level 2 spell used.
07/11/2020 11:52:57 AM Level 2 spell used.
07/11/2020 11:52:58 AM Level 1 spell used.
07/11/2020 11:52:58 AM Level 1 spell used.
07/11/2020 11:52:59 AM Level 2 spell used.
07/11/2020 11:52:59 AM Level 2 spell used.
07/11/2020 11:53:00 AM Level 3 spell used.
07/11/2020 11:53:01 AM Spell slots reset for Dain Olaren.ini.
07/11/2020 11:53:01 AM Previous Spells for Level 1 - 0.
07/11/2020 11:53:01 AM Previous Spells for Level 2 - 0.
07/11/2020 11:53:01 AM Previous Spells for Level 3 - 0.
07/11/2020 11:53:02 AM Level 3 spell used.
07/11/2020 11:53:02 AM Level 3 spell used.
07/11/2020 11:53:02 AM Level 3 spell used.
07/11/2020 11:53:02 AM Level 2 spell used.
07/11/2020 11:53:03 AM Level 2 spell used.
07/11/2020 11:53:03 AM Level 2 spell used.
07/11/2020 11:53:03 AM Level 2 spell used.
07/11/2020 11:53:03 AM Level 2 spell used.
07/11/2020 11:53:04 AM Level 1 spell used.
07/11/2020 11:53:04 AM Level 1 spell used.
07/11/2020 11:53:04 AM Level 1 spell used.
